TMB_Phase_II/proguard.cfg
-optimizationpasses 5
-dontusemixedcaseclassnames
-dontskipnonpubliclibraryclasses
-dontpreverify
-verbose
-optimizations !code/simplification/arithmetic,!field/*,!class/merging/*
-ignorewarnings

-keep public class * extends android.app.Activity
-keep public class * extends android.support.v4.app.Fragment
-keep public class * extends android.app.Application
-keep public class * extends android.app.Service
-keep public class * extends android.content.BroadcastReceiver
-keep public class * extends android.content.ContentProvider
-keep public class * extends android.app.backup.BackupAgentHelper
-keep public class * extends android.preference.Preference
-keep public class com.android.vending.licensing.ILicensingService
-dontwarn **CompatHoneycomb
-keep class android.support.v4.** { *; }
-dontwarn android.support.**

-keep class org.apache.** { *; }
-keep class org.bouncycastle.** { *; }
-keep class com.google.** { *; }

-keepclasseswithmember class * {
    native <methods>;
}

-keepclasseswithmember class * {
    public <init>(android.content.Context, android.util.AttributeSet);
}

-keepclasseswithmember class * {
    public <init>(android.content.Context, android.util.AttributeSet, int);
}

-keepclassmembers enum * {
    public static **[] values();
    public static ** valueOf(java.lang.String);
}

-keep class * implements android.os.Parcelable {
  public static final android.os.Parcelable$Creator *;
}