TMB_Phase_II/proguard/seeds.txt
android.support.v4.view.VelocityTrackerCompat
android.support.v4.view.VelocityTrackerCompat: android.support.v4.view.VelocityTrackerCompat$VelocityTrackerVersionImpl IMPL
android.support.v4.view.VelocityTrackerCompat: VelocityTrackerCompat()
android.support.v4.view.VelocityTrackerCompat: float getXVelocity(android.view.VelocityTracker,int)
android.support.v4.view.VelocityTrackerCompat: float getYVelocity(android.view.VelocityTracker,int)
android.support.v4.view.VelocityTrackerCompat: void <clinit>()
android.support.v4.view.VelocityTrackerCompat$BaseVelocityTrackerVersionImpl
android.support.v4.view.VelocityTrackerCompat$BaseVelocityTrackerVersionImpl: VelocityTrackerCompat$BaseVelocityTrackerVersionImpl()
android.support.v4.view.VelocityTrackerCompat$BaseVelocityTrackerVersionImpl: float getXVelocity(android.view.VelocityTracker,int)
android.support.v4.view.VelocityTrackerCompat$BaseVelocityTrackerVersionImpl: float getYVelocity(android.view.VelocityTracker,int)
android.support.v4.view.VelocityTrackerCompat$HoneycombVelocityTrackerVersionImpl
android.support.v4.view.VelocityTrackerCompat$HoneycombVelocityTrackerVersionImpl: VelocityTrackerCompat$HoneycombVelocityTrackerVersionImpl()
android.support.v4.view.VelocityTrackerCompat$HoneycombVelocityTrackerVersionImpl: float getXVelocity(android.view.VelocityTracker,int)
android.support.v4.view.VelocityTrackerCompat$HoneycombVelocityTrackerVersionImpl: float getYVelocity(android.view.VelocityTracker,int)
android.support.v4.view.VelocityTrackerCompat$VelocityTrackerVersionImpl
android.support.v4.view.VelocityTrackerCompat$VelocityTrackerVersionImpl: float getXVelocity(android.view.VelocityTracker,int)
android.support.v4.view.VelocityTrackerCompat$VelocityTrackerVersionImpl: float getYVelocity(android.view.VelocityTracker,int)
android.support.v4.view.VelocityTrackerCompatHoneycomb
android.support.v4.view.VelocityTrackerCompatHoneycomb: VelocityTrackerCompatHoneycomb()
android.support.v4.view.VelocityTrackerCompatHoneycomb: float getXVelocity(android.view.VelocityTracker,int)
android.support.v4.view.VelocityTrackerCompatHoneycomb: float getYVelocity(android.view.VelocityTracker,int)
android.support.v4.view.ViewCompat
android.support.v4.view.ViewCompat: int OVER_SCROLL_ALWAYS
android.support.v4.view.ViewCompat: int OVER_SCROLL_IF_CONTENT_SCROLLS
android.support.v4.view.ViewCompat: int OVER_SCROLL_NEVER
android.support.v4.view.ViewCompat: long FAKE_FRAME_TIME
android.support.v4.view.ViewCompat: int IMPORTANT_FOR_ACCESSIBILITY_AUTO
android.support.v4.view.ViewCompat: int IMPORTANT_FOR_ACCESSIBILITY_YES
android.support.v4.view.ViewCompat: int IMPORTANT_FOR_ACCESSIBILITY_NO
android.support.v4.view.ViewCompat: int LAYER_TYPE_NONE
android.support.v4.view.ViewCompat: int LAYER_TYPE_SOFTWARE
android.support.v4.view.ViewCompat: int LAYER_TYPE_HARDWARE
android.support.v4.view.ViewCompat: android.support.v4.view.ViewCompat$ViewCompatImpl IMPL
android.support.v4.view.ViewCompat: ViewCompat()
android.support.v4.view.ViewCompat: boolean canScrollHorizontally(android.view.View,int)
android.support.v4.view.ViewCompat: boolean canScrollVertically(android.view.View,int)
android.support.v4.view.ViewCompat: int getOverScrollMode(android.view.View)
android.support.v4.view.ViewCompat: void setOverScrollMode(android.view.View,int)
android.support.v4.view.ViewCompat: void onPopulateAccessibilityEvent(android.view.View,android.view.accessibility.AccessibilityEvent)
android.support.v4.view.ViewCompat: void onInitializeAccessibilityEvent(android.view.View,android.view.accessibility.AccessibilityEvent)