TMB_Phase_II/proguard/mapping.txt
android.support.v4.app.ShareCompat$ShareCompatImpl -> android.support.v4.app.ShareCompat$ShareCompatImpl:
    void configureMenuItem(android.view.MenuItem,android.support.v4.app.ShareCompat$IntentBuilder) -> configureMenuItem
    java.lang.String escapeHtml(java.lang.CharSequence) -> escapeHtml
android.support.v4.app.ShareCompat$ShareCompatImplBase -> android.support.v4.app.ShareCompat$ShareCompatImplBase:
    void configureMenuItem(android.view.MenuItem,android.support.v4.app.ShareCompat$IntentBuilder) -> configureMenuItem
    java.lang.String escapeHtml(java.lang.CharSequence) -> escapeHtml
    void withinStyle(java.lang.StringBuilder,java.lang.CharSequence,int,int) -> withinStyle
android.support.v4.app.ShareCompat$ShareCompatImplICS -> android.support.v4.app.ShareCompat$ShareCompatImplICS:
    void configureMenuItem(android.view.MenuItem,android.support.v4.app.ShareCompat$IntentBuilder) -> configureMenuItem
    boolean shouldAddChooserIntent(android.view.MenuItem) -> shouldAddChooserIntent
android.support.v4.app.ShareCompat$ShareCompatImplJB -> android.support.v4.app.ShareCompat$ShareCompatImplJB:
    java.lang.String escapeHtml(java.lang.CharSequence) -> escapeHtml
    boolean shouldAddChooserIntent(android.view.MenuItem) -> shouldAddChooserIntent
android.support.v4.app.ShareCompatICS -> android.support.v4.app.ShareCompatICS:
    java.lang.String HISTORY_FILENAME_PREFIX -> HISTORY_FILENAME_PREFIX
    void configureMenuItem(android.view.MenuItem,android.app.Activity,android.content.Intent) -> configureMenuItem
android.support.v4.app.ShareCompatJB -> android.support.v4.app.ShareCompatJB:
    java.lang.String escapeHtml(java.lang.CharSequence) -> escapeHtml
android.support.v4.app.SuperNotCalledException -> android.support.v4.app.SuperNotCalledException:
android.support.v4.app.TaskStackBuilder -> android.support.v4.app.TaskStackBuilder:
    java.lang.String TAG -> TAG
    android.support.v4.app.TaskStackBuilder$TaskStackBuilderImpl IMPL -> IMPL
    java.util.ArrayList mIntents -> mIntents
    android.content.Context mSourceContext -> mSourceContext
    android.support.v4.app.TaskStackBuilder create(android.content.Context) -> create
    android.support.v4.app.TaskStackBuilder from(android.content.Context) -> from
    android.support.v4.app.TaskStackBuilder addNextIntent(android.content.Intent) -> addNextIntent
    android.support.v4.app.TaskStackBuilder addNextIntentWithParentStack(android.content.Intent) -> addNextIntentWithParentStack
    android.support.v4.app.TaskStackBuilder addParentStack(android.app.Activity) -> addParentStack
    android.support.v4.app.TaskStackBuilder addParentStack(java.lang.Class) -> addParentStack
    android.support.v4.app.TaskStackBuilder addParentStack(android.content.ComponentName) -> addParentStack
    int getIntentCount() -> getIntentCount
    android.content.Intent getIntent(int) -> getIntent
    android.content.Intent editIntentAt(int) -> editIntentAt
    java.util.Iterator iterator() -> iterator
    void startActivities() -> startActivities
    void startActivities(android.os.Bundle) -> startActivities
    android.app.PendingIntent getPendingIntent(int,int) -> getPendingIntent
android.support.v4.app.TaskStackBuilder$TaskStackBuilderImpl -> android.support.v4.app.TaskStackBuilder$TaskStackBuilderImpl:
    android.app.PendingIntent getPendingIntent(android.content.Context,android.content.Intent[],int,int,android.os.Bundle) -> getPendingIntent
android.support.v4.app.TaskStackBuilder$TaskStackBuilderImplBase -> android.support.v4.app.TaskStackBuilder$TaskStackBuilderImplBase:
    android.app.PendingIntent getPendingIntent(android.content.Context,android.content.Intent[],int,int,android.os.Bundle) -> getPendingIntent