TMB_Phase_II/proguard/usage.txt
com.fss.tmb.AirlineInput:
    private android.content.Intent intent
com.fss.tmb.BigInteger:
    private static final long IMASK
    private static final int BITS_PER_BYTE
    private static final int BYTES_PER_INT
    private static final int smallPrimesProduct
    344:354:public int bitCount()
    438:438:public int compareTo(java.lang.Object)
    624:639:public com.fss.tmb.BigInteger gcd(com.fss.tmb.BigInteger)
    643:650:public int intValue()
    655:671:public long longValue()
    1030:1050:public com.fss.tmb.BigInteger pow(int)
    1054:1059:private int remainder(int)
    1272:1272:public int signum()
    1344:1377:public byte[] toByteArray()
    1381:1429:public com.fss.tmb.BigInteger xor(com.fss.tmb.BigInteger)
    1434:1482:public com.fss.tmb.BigInteger or(com.fss.tmb.BigInteger)
    1487:1498:public com.fss.tmb.BigInteger setBit(int)
    1503:1514:public com.fss.tmb.BigInteger clearBit(int)
    1519:1528:public com.fss.tmb.BigInteger flipBit(int)
    1533:1540:private int[] createResult(int)
    1634:1658:public int getLowestSetBit()
    1663:1671:public boolean testBit(int)
com.fss.tmb.BuildConfig
com.fss.tmb.CustomGridViewAdapterFirstPage:
    public static final java.lang.String MY_PREFS_NAME
com.fss.tmb.CustomGridViewAdapterSecondPage:
    public static final java.lang.String MY_PREFS_NAME
com.fss.tmb.DisplayableView:
    android.widget.TableRow[] datas
    android.widget.TextView[] txtViews
    private java.lang.Object dummyFormattedArray
    public static android.widget.LinearLayout ll
com.fss.tmb.DynamicCanvas:
    android.app.ProgressDialog pd
    android.widget.TableRow$LayoutParams rowSpanLayout
    public static android.widget.TableLayout table
    public static android.widget.TableRow[] keypad
    public static android.widget.Button[] keypadbtn
    boolean mpindelflag
    public int templeMinAmount
    public int templeDenomination
    public boolean templeDenFlag
    public static boolean isResetPWD
    public android.widget.Button okButton
    private java.util.Map tabBarOver
    1270:1283:public void onClick(android.view.View)
    3885:3892:public java.lang.String removeSlashFromDate(java.lang.String)
com.fss.tmb.FirstPageActivity:
    public static final java.lang.String MyPREFERENCES
    public static final java.lang.String key
    public static final java.lang.String MY_PREFS_NAME
    private static final int REQ_CODE_PICK_IMAGE
    private static final java.lang.String TEMP_PHOTO_FILE
    android.graphics.Bitmap btmap
    688:702:public java.lang.String getGalleryImagePath(android.content.Intent)
    735:748:public static java.lang.String encodeTobase64(android.graphics.Bitmap)
    754:756:public static android.graphics.Bitmap decodeBase64(java.lang.String)
com.fss.tmb.FirstPageActivity$WsloginCall
com.fss.tmb.FirstPageActivity_Left:
    android.widget.LinearLayout gLayout
    private long startTime
    android.content.Intent intent
    android.graphics.Typeface mFontBold
    private boolean gridLeftsidepane
    79:81:private java.util.Map setListTabBar()
    102:103:public boolean onKeyDown(int,android.view.KeyEvent)
com.fss.tmb.Fragment_Activity:
    android.widget.LinearLayout list_frag
com.fss.tmb.GridScreenView$ImageAdapter:
    452:452:public int getSelectedPosition()